2022-12-28 16:10:25,670-INFO-
logger init done!
2022-12-28 16:10:26,214-INFO-
完整池320,Propotion=0.25,实际池80
2022-12-28 16:10:26,245-INFO-
开始初始化:挑选第一个算符...
2022-12-28 16:10:30,426-INFO-
初始化结果:第16项被选定,此项梯度最大,为0.24593734848354704
2022-12-28 16:10:30,454-INFO-
------------第1轮正在进行中--------------
2022-12-28 16:10:30,456-INFO-
**目前已有[16]**
2022-12-28 16:10:30,457-INFO-
initial point是:[0.]
2022-12-28 16:10:30,606-INFO-
第1轮的优化结果是：[0.10284050659552485]
2022-12-28 16:10:30,608-INFO-
目前这是第1轮,正在准备挑选下一块算符,并验证是否收敛...
2022-12-28 16:10:34,908-INFO-
没有达到收敛标准,标准为0.001,当前值为0.05506444357458454
2022-12-28 16:10:34,909-INFO-
目前还没有达到收敛！
2022-12-28 16:10:34,909-INFO-
第1轮中梯度最大项为第15项,已被选入算符池...
2022-12-28 16:10:34,913-INFO-
------------第2轮正在进行中--------------
2022-12-28 16:10:34,914-INFO-
**目前已有[16, 15]**
2022-12-28 16:10:34,916-INFO-
initial point是:[0. 0.]
2022-12-28 16:10:35,315-INFO-
第2轮的优化结果是：[0.0452377927371601, 0.10160219313092816]
2022-12-28 16:10:35,317-INFO-
目前这是第2轮,正在准备挑选下一块算符,并验证是否收敛...
2022-12-28 16:10:39,711-INFO-
没有达到收敛标准,标准为0.001,当前值为0.0474583216511651
2022-12-28 16:10:39,712-INFO-
目前还没有达到收敛！
2022-12-28 16:10:39,713-INFO-
第2轮中梯度最大项为第11项,已被选入算符池...
2022-12-28 16:10:39,717-INFO-
------------第3轮正在进行中--------------
2022-12-28 16:10:39,717-INFO-
**目前已有[16, 15, 11]**
2022-12-28 16:10:39,720-INFO-
initial point是:[0. 0. 0.]
2022-12-28 16:10:40,428-INFO-
第3轮的优化结果是：[-0.003684828639179925, 0.04526172716030873, 0.10144955320131994]
2022-12-28 16:10:40,431-INFO-
目前这是第3轮,正在准备挑选下一块算符,并验证是否收敛...
2022-12-28 16:10:44,732-INFO-
没有达到收敛标准,标准为0.001,当前值为0.04099117424871396
2022-12-28 16:10:44,733-INFO-
目前还没有达到收敛！
2022-12-28 16:10:44,734-INFO-
第3轮中梯度最大项为第25项,已被选入算符池...
2022-12-28 16:10:44,737-INFO-
------------第4轮正在进行中--------------
2022-12-28 16:10:44,738-INFO-
**目前已有[16, 15, 11, 25]**
2022-12-28 16:10:44,740-INFO-
initial point是:[0. 0. 0. 0.]
2022-12-28 16:10:45,940-INFO-
第4轮的优化结果是：[-0.0037016886129634555, 0.04524721930935455, 0.10143857155687572, 0.007315997798357803]
2022-12-28 16:10:45,943-INFO-
目前这是第4轮,正在准备挑选下一块算符,并验证是否收敛...
2022-12-28 16:10:50,405-INFO-
没有达到收敛标准,标准为0.001,当前值为0.03682624644096892
2022-12-28 16:10:50,406-INFO-
目前还没有达到收敛！
2022-12-28 16:10:50,406-INFO-
第4轮中梯度最大项为第45项,已被选入算符池...
2022-12-28 16:10:50,410-INFO-
------------第5轮正在进行中--------------
2022-12-28 16:10:50,411-INFO-
**目前已有[16, 15, 11, 25, 45]**
2022-12-28 16:10:50,415-INFO-
initial point是:[0. 0. 0. 0. 0.]
2022-12-28 16:10:52,110-INFO-
第5轮的优化结果是：[-0.003718319826985406, 0.04467504819442933, 0.10143680861869236, 0.007203411246051076, 0.006702802003551623]
2022-12-28 16:10:52,113-INFO-
目前这是第5轮,正在准备挑选下一块算符,并验证是否收敛...
2022-12-28 16:10:56,585-INFO-
没有达到收敛标准,标准为0.001,当前值为0.024563173570415677
2022-12-28 16:10:56,586-INFO-
目前还没有达到收敛！
2022-12-28 16:10:56,587-INFO-
第5轮中梯度最大项为第60项,已被选入算符池...
2022-12-28 16:10:56,590-INFO-
------------第6轮正在进行中--------------
2022-12-28 16:10:56,591-INFO-
**目前已有[16, 15, 11, 25, 45, 60]**
2022-12-28 16:10:56,595-INFO-
initial point是:[0. 0. 0. 0. 0. 0.]
2022-12-28 16:10:58,452-INFO-
第6轮的优化结果是：[-0.00378540966010555, 0.04523613605722576, 0.10149634996242576, 0.007277547713142443, 0.0066558615394461266, -0.002119354887469259]
2022-12-28 16:10:58,456-INFO-
目前这是第6轮,正在准备挑选下一块算符,并验证是否收敛...
2022-12-28 16:11:03,004-INFO-
没有达到收敛标准,标准为0.001,当前值为0.02347542668361333
2022-12-28 16:11:03,005-INFO-
目前还没有达到收敛！
2022-12-28 16:11:03,006-INFO-
第6轮中梯度最大项为第74项,已被选入算符池...
2022-12-28 16:11:03,009-INFO-
------------第7轮正在进行中--------------
2022-12-28 16:11:03,010-INFO-
**目前已有[16, 15, 11, 25, 45, 60, 74]**
2022-12-28 16:11:03,015-INFO-
initial point是:[0. 0. 0. 0. 0. 0. 0.]
2022-12-28 16:11:05,667-INFO-
第7轮的优化结果是：[-0.0038932036552058605, 0.045231193666523575, 0.10149142665032865, 0.007222564092770247, 0.006703622695556148, -0.0021384208500160387, 0.003631807598295741]
2022-12-28 16:11:05,671-INFO-
目前这是第7轮,正在准备挑选下一块算符,并验证是否收敛...
2022-12-28 16:11:10,324-INFO-
没有达到收敛标准,标准为0.001,当前值为0.022969536864210563
2022-12-28 16:11:10,325-INFO-
目前还没有达到收敛！
2022-12-28 16:11:10,325-INFO-
第7轮中梯度最大项为第39项,已被选入算符池...
2022-12-28 16:11:10,329-INFO-
------------第8轮正在进行中--------------
2022-12-28 16:11:10,330-INFO-
**目前已有[16, 15, 11, 25, 45, 60, 74, 39]**
2022-12-28 16:11:10,335-INFO-
initial point是:[0. 0. 0. 0. 0. 0. 0. 0.]
2022-12-28 16:11:13,450-INFO-
第8轮的优化结果是：[-0.004001453453651221, 0.04522633893824812, 0.1014949325874503, 0.007218298968071102, -0.0035544109133007107, 0.006701114099375551, -0.002128601838640778, 0.0035848016277166377]
2022-12-28 16:11:13,455-INFO-
目前这是第8轮,正在准备挑选下一块算符,并验证是否收敛...
2022-12-28 16:11:18,166-INFO-
没有达到收敛标准,标准为0.001,当前值为0.022010013348908633
2022-12-28 16:11:18,167-INFO-
目前还没有达到收敛！
2022-12-28 16:11:18,167-INFO-
第8轮中梯度最大项为第36项,已被选入算符池...
2022-12-28 16:11:18,171-INFO-
------------第9轮正在进行中--------------
2022-12-28 16:11:18,172-INFO-
**目前已有[16, 15, 11, 25, 45, 60, 74, 39, 36]**
2022-12-28 16:11:18,177-INFO-
initial point是:[0. 0. 0. 0. 0. 0. 0. 0. 0.]
2022-12-28 16:11:21,961-INFO-
第9轮的优化结果是：[-0.004015551284796838, 0.04525252778500391, 0.1015066379391648, 0.007145075123210266, -0.0041800726034025674, -0.0035924361851116145, 0.0073717129895346295, -0.002134971447697644, 0.0035840768151257515]
2022-12-28 16:11:21,967-INFO-
目前这是第9轮,正在准备挑选下一块算符,并验证是否收敛...
2022-12-28 16:11:26,828-INFO-
没有达到收敛标准,标准为0.001,当前值为0.017273176585501235
2022-12-28 16:11:26,829-INFO-
目前还没有达到收敛！
2022-12-28 16:11:26,830-INFO-
第9轮中梯度最大项为第50项,已被选入算符池...
2022-12-28 16:11:26,833-INFO-
------------第10轮正在进行中--------------
2022-12-28 16:11:26,834-INFO-
**目前已有[16, 15, 11, 25, 45, 60, 74, 39, 36, 50]**
2022-12-28 16:11:26,839-INFO-
initial point是:[0. 0. 0. 0. 0. 0. 0. 0. 0. 0.]
2022-12-28 16:11:31,108-INFO-
第10轮的优化结果是：[-0.004015085373151437, 0.04524791593523298, 0.10150027296457109, 0.00714342345904791, -0.004178239968745928, -0.0035924107623619326, 0.007358813881185186, -0.0034309994789204806, -0.0021352143106140677, 0.0035737270538433092]
2022-12-28 16:11:31,113-INFO-
目前这是第10轮,正在准备挑选下一块算符,并验证是否收敛...
2022-12-28 16:11:36,045-INFO-
没有达到收敛标准,标准为0.001,当前值为0.016922595821486485
2022-12-28 16:11:36,045-INFO-
目前还没有达到收敛！
2022-12-28 16:11:36,046-INFO-
第10轮中梯度最大项为第41项,已被选入算符池...
2022-12-28 16:11:36,050-INFO-
------------第11轮正在进行中--------------
2022-12-28 16:11:36,051-INFO-
**目前已有[16, 15, 11, 25, 45, 60, 74, 39, 36, 50, 41]**
2022-12-28 16:11:36,057-INFO-
initial point是:[0. 0. 0. 0. 0. 0. 0. 0. 0. 0. 0.]
2022-12-28 16:11:40,946-INFO-
第11轮的优化结果是：[-0.004015940784134273, 0.045244336994900165, 0.10149505511150723, 0.0071311453021757586, -0.004178316531857061, -0.003576224231657619, -0.003360508723028866, 0.007358890436927004, -0.003367091725872706, -0.0021352601057653174, 0.0035759674795716803]
2022-12-28 16:11:40,953-INFO-
目前这是第11轮,正在准备挑选下一块算符,并验证是否收敛...
2022-12-28 16:11:45,845-INFO-
没有达到收敛标准,标准为0.001,当前值为0.013615681931414377
2022-12-28 16:11:45,846-INFO-
目前还没有达到收敛！
2022-12-28 16:11:45,847-INFO-
第11轮中梯度最大项为第12项,已被选入算符池...
2022-12-28 16:11:45,851-INFO-
------------第12轮正在进行中--------------
2022-12-28 16:11:45,851-INFO-
**目前已有[16, 15, 11, 25, 45, 60, 74, 39, 36, 50, 41, 12]**
2022-12-28 16:11:45,859-INFO-
initial point是:[0. 0. 0. 0. 0. 0. 0. 0. 0. 0. 0. 0.]
2022-12-28 16:11:51,260-INFO-
第12轮的优化结果是：[-0.0040124980212390415, -0.0027095301676841824, 0.04506828881651467, 0.10149046185632588, 0.00712038846561935, -0.004176481042163099, -0.0035299304571848726, -0.0033437016212638734, 0.007358194516357308, -0.0033667412074979823, -0.002135192407812533, 0.0035754378777824196]
2022-12-28 16:11:51,268-INFO-
目前这是第12轮,正在准备挑选下一块算符,并验证是否收敛...
2022-12-28 16:11:56,396-INFO-
没有达到收敛标准,标准为0.001,当前值为0.01339876604310997
2022-12-28 16:11:56,397-INFO-
目前还没有达到收敛！
2022-12-28 16:11:56,398-INFO-
第12轮中梯度最大项为第44项,已被选入算符池...
2022-12-28 16:11:56,401-INFO-
------------第13轮正在进行中--------------
2022-12-28 16:11:56,402-INFO-
**目前已有[16, 15, 11, 25, 45, 60, 74, 39, 36, 50, 41, 12, 44]**
2022-12-28 16:11:56,409-INFO-
initial point是:[0. 0. 0. 0. 0. 0. 0. 0. 0. 0. 0. 0. 0.]
2022-12-28 16:12:02,524-INFO-
第13轮的优化结果是：[-0.004011113484939808, -0.002666152009317121, 0.044897223576067784, 0.10149030221421264, 0.007119635365889685, -0.004175354555621822, -0.003532759458156372, -0.003343420199180625, -0.002666029680367564, 0.007347532968313192, -0.003346703774784643, -0.0021352195495438946, 0.003554161766336067]
2022-12-28 16:12:02,532-INFO-
目前这是第13轮,正在准备挑选下一块算符,并验证是否收敛...
2022-12-28 16:12:07,722-INFO-
没有达到收敛标准,标准为0.001,当前值为0.009482175782617211
2022-12-28 16:12:07,723-INFO-
目前还没有达到收敛！
2022-12-28 16:12:07,724-INFO-
第13轮中梯度最大项为第27项,已被选入算符池...
2022-12-28 16:12:07,727-INFO-
------------第14轮正在进行中--------------
2022-12-28 16:12:07,728-INFO-
**目前已有[16, 15, 11, 25, 45, 60, 74, 39, 36, 50, 41, 12, 44, 27]**
2022-12-28 16:12:07,736-INFO-
initial point是:[0. 0. 0. 0. 0. 0. 0. 0. 0. 0. 0. 0. 0. 0.]
2022-12-28 16:12:14,629-INFO-
第14轮的优化结果是：[-0.004009297365344876, -0.002668141200708948, 0.04436287043039981, 0.10127845517541706, 0.007128056660940093, -0.00786926562051779, -0.004205657783710589, -0.0035432428934143593, -0.003336267899327579, -0.0026671717580888437, 0.007416850675019373, -0.0033389286493654643, -0.0021335006576490806, 0.0035604831762045624]
2022-12-28 16:12:14,708-INFO-
目前这是第14轮,正在准备挑选下一块算符,并验证是否收敛...
2022-12-28 16:12:19,867-INFO-
没有达到收敛标准,标准为0.001,当前值为0.005951681848617068
2022-12-28 16:12:19,868-INFO-
目前还没有达到收敛！
2022-12-28 16:12:19,868-INFO-
第14轮中梯度最大项为第56项,已被选入算符池...
2022-12-28 16:12:19,872-INFO-
------------第15轮正在进行中--------------
2022-12-28 16:12:19,873-INFO-
**目前已有[16, 15, 11, 25, 45, 60, 74, 39, 36, 50, 41, 12, 44, 27, 56]**
2022-12-28 16:12:19,881-INFO-
initial point是:[0. 0. 0. 0. 0. 0. 0. 0. 0. 0. 0. 0. 0. 0. 0.]
2022-12-28 16:12:26,260-INFO-
第15轮的优化结果是：[-0.004116316782919467, -0.002607337137924928, 0.023585924775777565, 0.10174515978572125, 0.0071564957441609825, -0.007474497459949123, -0.004187065631342691, -0.0035729630415939607, -0.003333046830731257, -0.002637227265472056, 0.007415180093633861, -0.0033309133528197817, -0.02356812654319183, -0.0021734371420468633, 0.0035936055509264452]
2022-12-28 16:12:26,270-INFO-
目前这是第15轮,正在准备挑选下一块算符,并验证是否收敛...
2022-12-28 16:12:31,600-INFO-
没有达到收敛标准,标准为0.001,当前值为0.0019796678469421562
2022-12-28 16:12:31,600-INFO-
目前还没有达到收敛！
2022-12-28 16:12:31,601-INFO-
第15轮中梯度最大项为第11项,已被选入算符池...
2022-12-28 16:12:31,605-INFO-
------------第16轮正在进行中--------------
2022-12-28 16:12:31,606-INFO-
**目前已有[16, 15, 11, 25, 45, 60, 74, 39, 36, 50, 41, 12, 44, 27, 56, 11]**
2022-12-28 16:12:31,615-INFO-
initial point是:[0. 0. 0. 0. 0. 0. 0. 0. 0. 0. 0. 0. 0. 0. 0.]
2022-12-28 16:12:39,659-INFO-
第16轮的优化结果是：[-0.0019847587771152472, -0.0026149073920238176, 0.023444883365089583, 0.10166895370284765, 0.007122257270621952, -0.007054565354466409, -0.004143748280509015, -0.0035122311870270976, -0.0033372959152583974, -0.0026499653331616417, 0.0073399943151663365, -0.003338235541988633, -0.023403164502492062, -0.002114417332578102, 0.0035328964360222645]
2022-12-28 16:12:39,669-INFO-
目前这是第16轮,正在准备挑选下一块算符,并验证是否收敛...
2022-12-28 16:12:45,049-INFO-
没有达到收敛标准,标准为0.001,当前值为0.0014548118518040503
2022-12-28 16:12:45,050-INFO-
目前还没有达到收敛！
2022-12-28 16:12:45,050-INFO-
第16轮中梯度最大项为第13项,已被选入算符池...
2022-12-28 16:12:45,054-INFO-
------------第17轮正在进行中--------------
2022-12-28 16:12:45,055-INFO-
**目前已有[16, 15, 11, 25, 45, 60, 74, 39, 36, 50, 41, 12, 44, 27, 56, 11, 13]**
2022-12-28 16:12:45,064-INFO-
initial point是:[0. 0. 0. 0. 0. 0. 0. 0. 0. 0. 0. 0. 0. 0. 0. 0.]
2022-12-28 16:12:54,892-INFO-
第17轮的优化结果是：[-0.000979137239412807, -0.0026092832376981203, 0.002049707149999706, 0.02344278390974234, 0.10168723117730807, 0.007115455310240022, -0.007045604778080896, -0.00414432722781391, -0.0035154120137482854, -0.003330070187154337, -0.0026427556333753393, 0.007338021533702933, -0.0033316827347354906, -0.023401092586930836, -0.0021172982704882846, 0.0035364742468489757]
2022-12-28 16:12:54,903-INFO-
目前这是第17轮,正在准备挑选下一块算符,并验证是否收敛...
2022-12-28 16:13:00,351-INFO-
达到收敛标准,标准为0.001,当前值为0.0009041476479132775
2022-12-28 16:13:00,352-INFO-
已经达到收敛！算法终止！
2022-12-28 16:13:00,357-INFO-
===FINAL OUTCOME===
Order=[16, 15, 11, 25, 45, 60, 74, 39, 36, 50, 41, 12, 44, 27, 56, 11, 13]
Optimal value=[-0.000979137239412807, -0.0026092832376981203, 0.002049707149999706, 0.02344278390974234, 0.10168723117730807, 0.007115455310240022, -0.007045604778080896, -0.00414432722781391, -0.0035154120137482854, -0.003330070187154337, -0.0026427556333753393, 0.007338021533702933, -0.0033316827347354906, -0.023401092586930836, -0.0021172982704882846, 0.0035364742468489757, 0.0]
Total iteration=17
