开始初始化:挑选第一个算符...
初始化结果:第23项被选定,此项梯度最大
------------第1轮正在进行中--------------
**目前已有[23]**
initial point是:[0.]
第1轮的优化结果是：[-0.1257743209178202]
目前这是第1轮,正在准备挑选下一块算符,并验证是否收敛...
没有达到收敛标准,标准为0.001,当前值为0.07653445626503247
目前还没有达到收敛！
第1轮中梯度最大项为第20项,已被选入算符池...
------------第2轮正在进行中--------------
**目前已有[23, 20]**
initial point是:[0. 0.]
第2轮的优化结果是：[0.05655771766252066, -0.1266293030333452]
目前这是第2轮,正在准备挑选下一块算符,并验证是否收敛...
没有达到收敛标准,标准为0.001,当前值为0.07334790038403899
目前还没有达到收敛！
第2轮中梯度最大项为第11项,已被选入算符池...
------------第3轮正在进行中--------------
**目前已有[23, 20, 11]**
initial point是:[0. 0. 0.]
第3轮的优化结果是：[0.054332456476837404, 0.05423535665520812, -0.1274264565066661]
目前这是第3轮,正在准备挑选下一块算符,并验证是否收敛...
没有达到收敛标准,标准为0.001,当前值为0.04309554573317497
目前还没有达到收敛！
第3轮中梯度最大项为第8项,已被选入算符池...
------------第4轮正在进行中--------------
**目前已有[23, 20, 11, 8]**
initial point是:[0. 0. 0. 0.]
第4轮的优化结果是：[0.05883633749061937, 0.058734605922843214, -0.12662440458693494, -0.032807673621613236]
目前这是第4轮,正在准备挑选下一块算符,并验证是否收敛...
没有达到收敛标准,标准为0.001,当前值为0.03399994111058256
目前还没有达到收敛！
第4轮中梯度最大项为第13项,已被选入算符池...
------------第5轮正在进行中--------------
**目前已有[23, 20, 11, 8, 13]**
initial point是:[0. 0. 0. 0. 0.]
第5轮的优化结果是：[0.05811040083035393, -0.025385775896234305, 0.0580137567886567, -0.12608583204798676, -0.031000490238960524]
目前这是第5轮,正在准备挑选下一块算符,并验证是否收敛...
没有达到收敛标准,标准为0.001,当前值为0.03335913638555589
目前还没有达到收敛！
第5轮中梯度最大项为第18项,已被选入算符池...
------------第6轮正在进行中--------------
**目前已有[23, 20, 11, 8, 13, 18]**
initial point是:[0. 0. 0. 0. 0. 0.]
第6轮的优化结果是：[0.057388902505714885, -0.024963924917556005, -0.02497139764617086, 0.057297283108244106, -0.1255527762194881, -0.029320255591103097]
目前这是第6轮,正在准备挑选下一块算符,并验证是否收敛...
没有达到收敛标准,标准为0.001,当前值为0.011449419979540935
目前还没有达到收敛！
第6轮中梯度最大项为第4项,已被选入算符池...
------------第7轮正在进行中--------------
**目前已有[23, 20, 11, 8, 13, 18, 4]**
initial point是:[0. 0. 0. 0. 0. 0. 0.]
第7轮的优化结果是：[0.057261327566442366, -0.02585481676495979, -0.025864161623100713, 0.06616031457235319, -0.12383633465295746, -0.04304203830034602, -0.03508406714389182]
目前这是第7轮,正在准备挑选下一块算符,并验证是否收敛...
没有达到收敛标准,标准为0.001,当前值为0.010133125876436935
目前还没有达到收敛！
第7轮中梯度最大项为第0项,已被选入算符池...
------------第8轮正在进行中--------------
**目前已有[23, 20, 11, 8, 13, 18, 4, 0]**
initial point是:[0. 0. 0. 0. 0. 0. 0. 0.]
第8轮的优化结果是：[-0.03786705929025597, 0.06510789123832426, -0.02660250198419306, -0.026612659455504863, 0.0649721706237538, -0.122526338797547, -0.0378754914294873, -0.040125079517822584]
目前这是第8轮,正在准备挑选下一块算符,并验证是否收敛...
没有达到收敛标准,标准为0.001,当前值为0.009034006983463152
目前还没有达到收敛！
第8轮中梯度最大项为第3项,已被选入算符池...
------------第9轮正在进行中--------------
**目前已有[23, 20, 11, 8, 13, 18, 4, 0, 3]**
initial point是:[0. 0. 0. 0. 0. 0. 0. 0. 0.]
第9轮的优化结果是：[-0.039127319325249446, 0.06599546757488163, -0.02634928349509922, -0.026359177684516694, 0.06550363836645817, -0.12240694378861285, -0.009270780568167918, -0.04194818747945282, -0.04118042667362222]
目前这是第9轮,正在准备挑选下一块算符,并验证是否收敛...
没有达到收敛标准,标准为0.001,当前值为0.0048989925125007775
目前还没有达到收敛！
第9轮中梯度最大项为第7项,已被选入算符池...
------------第10轮正在进行中--------------
**目前已有[23, 20, 11, 8, 13, 18, 4, 0, 3, 7]**
initial point是:[0. 0. 0. 0. 0. 0. 0. 0. 0. 0.]
第10轮的优化结果是：[-0.041414771657258695, 0.06604616398421834, -0.026256508186151106, -0.026266538788102284, 0.06590368927233158, -0.12238277095238792, -0.006357491725847433, -0.04142286257139291, -0.0063534608088058105, -0.04154010707136161]
目前这是第10轮,正在准备挑选下一块算符,并验证是否收敛...
达到收敛标准,标准为0.001,当前值为0.00021747647447773003
已经达到收敛！算法终止！
===FINAL OUTCOME===
Order=[23, 20, 11, 8, 13, 18, 4, 0, 3, 7]
Optimal value=[-0.041414771657258695, 0.06604616398421834, -0.026256508186151106, -0.026266538788102284, 0.06590368927233158, -0.12238277095238792, -0.006357491725847433, -0.04142286257139291, -0.0063534608088058105, -0.04154010707136161, 0.0]
Total iteration=10
