开始初始化:挑选第一个算符...
初始化结果:第23项被选定,此项梯度最大
-----------------第1轮正在进行中-----------------------
**目前已有[23]**
初始设定参数值为[0.] 即将开始参数优化...
第1轮的参数优化结果为[-0.12577425]
目前这是第1轮,正在准备挑选下一块算符,并验证是否收敛...
没有达到收敛标准,标准为0.001,当前值为0.07653445415814919
目前还没有达到收敛！
第1轮中梯度最大项为第20项,已被选入算符池...
-----------------第2轮正在进行中-----------------------
**目前已有[23, 20]**
初始设定参数值为[0. 0.] 即将开始参数优化...
第2轮的参数优化结果为[3.19813828 0.12694097]
目前这是第2轮,正在准备挑选下一块算符,并验证是否收敛...
没有达到收敛标准,标准为0.001,当前值为0.07335746854523596
目前还没有达到收敛！
第2轮中梯度最大项为第11项,已被选入算符池...
-----------------第3轮正在进行中-----------------------
**目前已有[23, 20, 11]**
初始设定参数值为[0. 0. 0.] 即将开始参数优化...
第3轮的参数优化结果为[ 0.05435211  0.054678   -0.12801752]
目前这是第3轮,正在准备挑选下一块算符,并验证是否收敛...
没有达到收敛标准,标准为0.001,当前值为0.04314962453605855
目前还没有达到收敛！
第3轮中梯度最大项为第8项,已被选入算符池...
-----------------第4轮正在进行中-----------------------
**目前已有[23, 20, 11, 8]**
初始设定参数值为[0. 0. 0. 0.] 即将开始参数优化...
第4轮的参数优化结果为[-0.0598724  -0.06027168  0.12777085 -3.17504951]
目前这是第4轮,正在准备挑选下一块算符,并验证是否收敛...
没有达到收敛标准,标准为0.001,当前值为0.033811332029503954
目前还没有达到收敛！
第4轮中梯度最大项为第13项,已被选入算符池...
-----------------第5轮正在进行中-----------------------
**目前已有[23, 20, 11, 8, 13]**
初始设定参数值为[0. 0. 0. 0. 0.] 即将开始参数优化...
第5轮的参数优化结果为[ 0.05934052 -0.02575126  0.05914964 -0.12764668 -0.03216529]
目前这是第5轮,正在准备挑选下一块算符,并验证是否收敛...
没有达到收敛标准,标准为0.001,当前值为0.03310215780911219
目前还没有达到收敛！
第5轮中梯度最大项为第18项,已被选入算符池...
-----------------第6轮正在进行中-----------------------
**目前已有[23, 20, 11, 8, 13, 18]**
初始设定参数值为[0. 0. 0. 0. 0. 0.] 即将开始参数优化...
第6轮的参数优化结果为[-3.20064138  0.02456883  3.11642364  0.05956329 -0.12729582  0.03125849]
目前这是第6轮,正在准备挑选下一块算符,并验证是否收敛...
没有达到收敛标准,标准为0.001,当前值为0.012135040733363519
目前还没有达到收敛！
第6轮中梯度最大项为第4项,已被选入算符池...
-----------------第7轮正在进行中-----------------------
**目前已有[23, 20, 11, 8, 13, 18, 4]**
初始设定参数值为[0. 0. 0. 0. 0. 0. 0.] 即将开始参数优化...
第7轮的参数优化结果为[-0.25225066 -0.34704429  0.09484559 -3.1566784   0.03286358 -1.42238383
  1.54552659]
目前这是第7轮,正在准备挑选下一块算符,并验证是否收敛...
没有达到收敛标准,标准为0.001,当前值为0.03230020593761291
目前还没有达到收敛！
第7轮中梯度最大项为第0项,已被选入算符池...
-----------------第8轮正在进行中-----------------------
**目前已有[23, 20, 11, 8, 13, 18, 4, 0]**
初始设定参数值为[0. 0. 0. 0. 0. 0. 0. 0.] 即将开始参数优化...
第8轮的参数优化结果为[ 1.58842858e+00 -3.13432654e+00 -4.28140421e-01  6.17287072e-02
  1.79565818e-03  1.27820698e-01  1.60376934e+00  1.57848570e+00]
目前这是第8轮,正在准备挑选下一块算符,并验证是否收敛...
没有达到收敛标准,标准为0.001,当前值为0.07371625974860234
目前还没有达到收敛！
第8轮中梯度最大项为第11项,已被选入算符池...
-----------------第9轮正在进行中-----------------------
**目前已有[23, 20, 11, 8, 13, 18, 4, 0, 11]**
初始设定参数值为[0. 0. 0. 0. 0. 0. 0. 0.] 即将开始参数优化...
第8轮的参数优化结果为[-1.61168818  3.17065083  0.87992116 -4.26565117 -3.13333731  0.12584767
 -1.59173801  1.53417445]
目前这是第9轮,正在准备挑选下一块算符,并验证是否收敛...
没有达到收敛标准,标准为0.001,当前值为0.06883780229966774
目前还没有达到收敛！
第9轮中梯度最大项为第20项,已被选入算符池...
-----------------第10轮正在进行中-----------------------
**目前已有[23, 20, 11, 8, 13, 18, 4, 0, 11, 20]**
初始设定参数值为[0. 0. 0. 0. 0. 0. 0. 0.] 即将开始参数优化...
第8轮的参数优化结果为[-0.00922858  1.60386601  2.61420943  0.8601969   0.03072535  0.12703917
  0.85340988 -0.39301475]
目前这是第10轮,正在准备挑选下一块算符,并验证是否收敛...
没有达到收敛标准,标准为0.001,当前值为0.06721715966114641
目前还没有达到收敛！
第10轮中梯度最大项为第20项,已被选入算符池...
-----------------第11轮正在进行中-----------------------
**目前已有[23, 20, 11, 8, 13, 18, 4, 0, 11, 20, 20]**
初始设定参数值为[0. 0. 0. 0. 0. 0. 0. 0.] 即将开始参数优化...
