2022-12-13 01:43:12,406-INFO-
UCCD算符池筛选完毕!共入选26个,阈值是1e-15,具体index:
[69, 66, 45, 51, 60, 3, 42, 14, 24, 33, 18, 47, 28, 56, 30, 6, 41, 34, 62, 10, 2, 72, 7, 38, 65, 37],
            入选率:34.21052631578947%
2022-12-13 01:43:12,406-INFO-
UCCD算符池筛选完毕!共入选26个,阈值是1e-15,具体index:
[69, 66, 45, 51, 60, 3, 42, 14, 24, 33, 18, 47, 28, 56, 30, 6, 41, 34, 62, 10, 2, 72, 7, 38, 65, 37],
            入选率:34.21052631578947%
2022-12-13 01:45:10,762-INFO-
UCCGD算符池筛选完毕!共入选24个,阈值是1e-15,具体index:
[142, 139, 96, 126, 110, 25, 93, 58, 42, 74, 62, 46, 122, 106, 71, 28, 92, 75, 135, 32, 29, 89, 138, 78],
            入选率:9.411764705882353%
2022-12-13 01:45:10,762-INFO-
UCCGD算符池筛选完毕!共入选24个,阈值是1e-15,具体index:
[142, 139, 96, 126, 110, 25, 93, 58, 42, 74, 62, 46, 122, 106, 71, 28, 92, 75, 135, 32, 29, 89, 138, 78],
            入选率:9.411764705882353%
2022-12-13 01:46:38,363-INFO-
UCCD算符池筛选完毕!共入选26个,阈值是1e-15,具体index:
[69, 66, 45, 51, 60, 3, 42, 14, 24, 33, 18, 47, 28, 56, 30, 6, 34, 41, 62, 10, 2, 72, 7, 38, 65, 37],
            入选率:34.21052631578947%
2022-12-13 01:48:38,339-INFO-
UCCGD算符池筛选完毕!共入选24个,阈值是1e-15,具体index:
[142, 96, 139, 110, 126, 25, 93, 42, 58, 74, 122, 106, 46, 62, 71, 28, 75, 92, 135, 32, 29, 89, 138, 78],
            入选率:9.411764705882353%
2022-12-13 01:48:38,542-INFO-
UCCGD_index的入选个数为0,是否有筛掉的:False
2022-12-13 02:24:18,268-INFO-
UCCD算符池筛选完毕!共入选51个,阈值是1e-15,具体index:
[69, 38, 79, 49, 42, 75, 4, 89, 12, 81, 26, 16, 33, 96, 8, 45, 59, 53, 85, 20, 55, 93, 3, 30, 65, 44, 98, 6, 24, 47, 28, 90, 0, 32, 83, 51, 67, 36, 18, 13, 94, 61, 77, 57, 40, 73, 22, 71, 87, 63, 10],
            入选率:51.515151515151516%
2022-12-13 02:27:08,612-INFO-
UCCGD算符池筛选完毕!共入选41个,阈值是1e-15,具体index:
[159, 110, 175, 126, 114, 171, 42, 191, 182, 51, 74, 58, 47, 121, 142, 187, 130, 63, 137, 79, 154, 44, 72, 123, 77, 184, 81, 128, 157, 107, 61, 144, 173, 140, 112, 65, 168, 161, 189, 152, 49],
            入选率:16.07843137254902%
2022-12-13 02:27:09,199-INFO-
UCCGD_index的入选个数为0,是否有筛掉的:False
